<?xml version="1.0"?>
<xs:schema xmlns:xs="http://www.w3.org/2001/XMLSchema">

<test-results>
	<test>
		<item>Norme di Progetto v1.0.0</item>
		<outcome>10</outcome>
		<passed>false</passed>
	</test>
	<test>
		<item>Analisi dei requisiti v1.0.0</item>
		<outcome>30</outcome>
		<passed>true</passed>
	</test>
</test-results>